"../../../Engine/Content/EditorResources/S_Actor.ubulk" 0
"../../../Engine/Content/EditorResources/S_Actor.uasset" 1
"../../../Engine/Content/EditorResources/S_Actor.uexp" 2
"../../../Engine/Content/EditorResources/S_BoxReflectionCapture.uasset" 3
"../../../Engine/Content/EditorResources/S_BoxReflectionCapture.uexp" 4
"../../../Engine/Content/EngineResources/DefaultTexture.ubulk" 5
"../../../Engine/Content/EngineResources/DefaultTexture.uasset" 6
"../../../Engine/Content/EngineResources/DefaultTexture.uexp" 7
"../../../Engine/Content/EngineResources/DefaultTextureCube.uasset" 8
"../../../Engine/Content/EngineResources/DefaultTextureCube.uexp" 9
"../../../Engine/Content/EngineResources/DefaultVolumeTexture2D.uasset" 10
"../../../Engine/Content/EngineResources/DefaultVolumeTexture2D.uexp" 11
"../../../Engine/Content/EngineResources/DefaultVolumeTexture.uasset" 12
"../../../Engine/Content/EngineResources/DefaultVolumeTexture.uexp" 13
"../../../Engine/Content/EditorResources/S_Trigger.ubulk" 14
"../../../Engine/Content/EditorResources/S_Trigger.uasset" 15
"../../../Engine/Content/EditorResources/S_Trigger.uexp" 16
"../../../Engine/Content/EditorResources/S_TriggerBox.uasset" 17
"../../../Engine/Content/EditorResources/S_TriggerBox.uexp" 18
"../../../Engine/Content/EditorResources/S_TriggerCapsule.uasset" 19
"../../../Engine/Content/EditorResources/S_TriggerCapsule.uexp" 20
"../../../Engine/Content/EditorResources/S_TriggerSphere.uasset" 21
"../../../Engine/Content/EditorResources/S_TriggerSphere.uexp" 22
"../../../Engine/Content/EngineMeshes/Sphere.ubulk" 23
"../../../Engine/Content/EngineMeshes/Sphere.uasset" 24
"../../../Engine/Content/EngineMeshes/Sphere.uexp" 25
"../../../Engine/Content/EngineResources/GradientTexture0.uasset" 26
"../../../Engine/Content/EngineResources/GradientTexture0.uexp" 27
"../../../Engine/Content/EngineResources/Black.uasset" 28
"../../../Engine/Content/EngineResources/Black.uexp" 29
"../../../Engine/Content/VREditor/LaserPointer/VR_LaserPower_01.ubulk" 30
"../../../Engine/Content/VREditor/LaserPointer/VR_LaserPower_01.uasset" 31
"../../../Engine/Content/VREditor/LaserPointer/VR_LaserPower_01.uexp" 32
"../../../Engine/Content/VREditor/TransformGizmo/TransformGizmoMaterial.uasset" 33
"../../../Engine/Content/VREditor/TransformGizmo/TransformGizmoMaterial.uexp" 34
"../../../Engine/Content/VREditor/TransformGizmo/TranslucentTransformGizmoMaterial.uasset" 35
"../../../Engine/Content/VREditor/TransformGizmo/TranslucentTransformGizmoMaterial.uexp" 36
"../../../Engine/Content/VREditor/TransformGizmo/PlaneTranslationHandle.ubulk" 37
"../../../Engine/Content/VREditor/TransformGizmo/PlaneTranslationHandle.uasset" 38
"../../../Engine/Content/VREditor/TransformGizmo/PlaneTranslationHandle.uexp" 39
"../../../Engine/Content/VREditor/TransformGizmo/BoundingBoxCorner.ubulk" 40
"../../../Engine/Content/VREditor/TransformGizmo/BoundingBoxCorner.uasset" 41
"../../../Engine/Content/VREditor/TransformGizmo/BoundingBoxCorner.uexp" 42
"../../../Engine/Content/VREditor/TransformGizmo/BoundingBoxEdge.ubulk" 43
"../../../Engine/Content/VREditor/TransformGizmo/BoundingBoxEdge.uasset" 44
"../../../Engine/Content/VREditor/TransformGizmo/BoundingBoxEdge.uexp" 45
"../../../Engine/Content/VREditor/TransformGizmo/Main.uasset" 46
"../../../Engine/Content/VREditor/TransformGizmo/Main.uexp" 47
"../../../Engine/Content/VREditor/TransformGizmo/Xray.uasset" 48
"../../../Engine/Content/VREditor/TransformGizmo/Xray.uexp" 49
"../../../Engine/Content/VREditor/TransformGizmo/SM_Sequencer_Node.ubulk" 50
"../../../Engine/Content/VREditor/TransformGizmo/SM_Sequencer_Node.uasset" 51
"../../../Engine/Content/VREditor/TransformGizmo/SM_Sequencer_Node.uexp" 52
"../../../Engine/Content/EditorMaterials/Camera/CineMat.uasset" 53
"../../../Engine/Content/EditorMaterials/Camera/CineMat.uexp" 54
"../../../Engine/Content/EditorMaterials/Camera/MI_CineMat_Rig.uasset" 55
"../../../Engine/Content/EditorMaterials/Camera/MI_CineMat_Rig.uexp" 56
"../../../Engine/Content/EditorMeshes/Camera/SM_CraneRig_Base.ubulk" 57
"../../../Engine/Content/EditorMeshes/Camera/SM_CraneRig_Base.uasset" 58
"../../../Engine/Content/EditorMeshes/Camera/SM_CraneRig_Base.uexp" 59
"../../../Engine/Content/EditorMeshes/Camera/SM_CraneRig_Arm.ubulk" 60
"../../../Engine/Content/EditorMeshes/Camera/SM_CraneRig_Arm.uasset" 61
"../../../Engine/Content/EditorMeshes/Camera/SM_CraneRig_Arm.uexp" 62
"../../../Engine/Content/EditorMeshes/Camera/SM_CraneRig_Mount.ubulk" 63
"../../../Engine/Content/EditorMeshes/Camera/SM_CraneRig_Mount.uasset" 64
"../../../Engine/Content/EditorMeshes/Camera/SM_CraneRig_Mount.uexp" 65
"../../../Engine/Content/EditorMeshes/Camera/SM_CraneRig_Body.ubulk" 66
"../../../Engine/Content/EditorMeshes/Camera/SM_CraneRig_Body.uasset" 67
"../../../Engine/Content/EditorMeshes/Camera/SM_CraneRig_Body.uexp" 68
"../../../Engine/Content/EditorMeshes/Camera/SM_RailRig_Track.ubulk" 69
"../../../Engine/Content/EditorMeshes/Camera/SM_RailRig_Track.uasset" 70
"../../../Engine/Content/EditorMeshes/Camera/SM_RailRig_Track.uexp" 71
"../../../Engine/Content/EditorMeshes/Camera/SM_RailRig_Mount.ubulk" 72
"../../../Engine/Content/EditorMeshes/Camera/SM_RailRig_Mount.uasset" 73
"../../../Engine/Content/EditorMeshes/Camera/SM_RailRig_Mount.uexp" 74
"../../../Engine/Content/EngineMaterials/T_Default_Material_Grid_M.ubulk" 75
"../../../Engine/Content/EngineMaterials/T_Default_Material_Grid_M.uasset" 76
"../../../Engine/Content/EngineMaterials/T_Default_Material_Grid_M.uexp" 77
"../../../Engine/Content/EngineMaterials/T_Default_Material_Grid_N.ubulk" 78
"../../../Engine/Content/EngineMaterials/T_Default_Material_Grid_N.uasset" 79
"../../../Engine/Content/EngineMaterials/T_Default_Material_Grid_N.uexp" 80
"../../../Engine/Content/Functions/Engine_MaterialFunctions01/Opacity/CameraDepthFade.uasset" 81
"../../../Engine/Content/Functions/Engine_MaterialFunctions01/Opacity/CameraDepthFade.uexp" 82
"../../../Engine/Content/EngineMaterials/WorldGridMaterial.uasset" 83
"../../../Engine/Content/EngineMaterials/WorldGridMaterial.uexp" 84
"../../../Engine/Content/ArtTools/RenderToTexture/Meshes/S_1_Unit_Plane.ubulk" 85
"../../../Engine/Content/ArtTools/RenderToTexture/Meshes/S_1_Unit_Plane.uasset" 86
"../../../Engine/Content/ArtTools/RenderToTexture/Meshes/S_1_Unit_Plane.uexp" 87
"../../../Engine/Content/EditorMaterials/ParticleSystems/PSysThumbnail_NoImage.ubulk" 88
"../../../Engine/Content/EditorMaterials/ParticleSystems/PSysThumbnail_NoImage.uasset" 89
"../../../Engine/Content/EditorMaterials/ParticleSystems/PSysThumbnail_NoImage.uexp" 90
"../../../Engine/Content/EditorMaterials/ParticleSystems/PSysThumbnail_OOD.ubulk" 91
"../../../Engine/Content/EditorMaterials/ParticleSystems/PSysThumbnail_OOD.uasset" 92
"../../../Engine/Content/EditorMaterials/ParticleSystems/PSysThumbnail_OOD.uexp" 93
"../../../Engine/Content/EditorLandscapeResources/SplineEditorMeshMat.uasset" 94
"../../../Engine/Content/EditorLandscapeResources/SplineEditorMeshMat.uexp" 95
"../../../Engine/Content/EditorLandscapeResources/SplineEditorMesh.ubulk" 96
"../../../Engine/Content/EditorLandscapeResources/SplineEditorMesh.uasset" 97
"../../../Engine/Content/EditorLandscapeResources/SplineEditorMesh.uexp" 98
"../../../Engine/Content/EditorResources/S_Solver.ubulk" 99
"../../../Engine/Content/EditorResources/S_Solver.uasset" 100
"../../../Engine/Content/EditorResources/S_Solver.uexp" 101
"../../../Engine/Plugins/Media/MediaPlate/Content/SM_MediaPlateScreen.ubulk" 102
"../../../Engine/Plugins/Media/MediaPlate/Content/SM_MediaPlateScreen.uasset" 103
"../../../Engine/Plugins/Media/MediaPlate/Content/SM_MediaPlateScreen.uexp" 104
"../../../Engine/Content/EngineMaterials/Good64x64TilingNoiseHighFreq.uasset" 105
"../../../Engine/Content/EngineMaterials/Good64x64TilingNoiseHighFreq.uexp" 106
"../../../Engine/Content/EngineMaterials/DefaultBokeh.uasset" 107
"../../../Engine/Content/EngineMaterials/DefaultBokeh.uexp" 108
"../../../Engine/Content/EngineMaterials/PreintegratedSkinBRDF.uasset" 109
"../../../Engine/Content/EngineMaterials/PreintegratedSkinBRDF.uexp" 110
"../../../Engine/Content/EngineMaterials/MiniFont.uasset" 111
"../../../Engine/Content/EngineMaterials/MiniFont.uexp" 112
"../../../Engine/Content/EngineMaterials/WeightMapPlaceholderTexture.uasset" 113
"../../../Engine/Content/EngineMaterials/WeightMapPlaceholderTexture.uexp" 114
"../../../Engine/Content/EngineMaterials/DefaultWhiteGrid.ubulk" 115
"../../../Engine/Content/EngineMaterials/DefaultWhiteGrid.uasset" 116
"../../../Engine/Content/EngineMaterials/DefaultWhiteGrid.uexp" 117
"../../../Engine/Plugins/2D/Paper2D/Content/PlaceholderTextures/DummySpriteTexture.ubulk" 118
"../../../Engine/Plugins/2D/Paper2D/Content/PlaceholderTextures/DummySpriteTexture.uasset" 119
"../../../Engine/Plugins/2D/Paper2D/Content/PlaceholderTextures/DummySpriteTexture.uexp" 120
"../../../Engine/Plugins/2D/Paper2D/Content/DefaultSpriteMaterial.uasset" 121
"../../../Engine/Plugins/2D/Paper2D/Content/DefaultSpriteMaterial.uexp" 122
"../../../Engine/Plugins/2D/Paper2D/Content/OpaqueUnlitSpriteMaterial.uasset" 123
"../../../Engine/Plugins/2D/Paper2D/Content/OpaqueUnlitSpriteMaterial.uexp" 124
"../../../Engine/Plugins/2D/Paper2D/Content/MaskedUnlitSpriteMaterial.uasset" 125
"../../../Engine/Plugins/2D/Paper2D/Content/MaskedUnlitSpriteMaterial.uexp" 126
"../../../Engine/Plugins/2D/Paper2D/Content/DummySprite.uasset" 127
"../../../Engine/Plugins/2D/Paper2D/Content/DummySprite.uexp" 128
"../../../Engine/Plugins/2D/Paper2D/Content/DefaultPaperTerrainMaterial.uasset" 129
"../../../Engine/Plugins/2D/Paper2D/Content/DefaultPaperTerrainMaterial.uexp" 130
"../../../Engine/Content/Functions/Engine_MaterialFunctions02/WorldPositionOffset/CameraOffset.uasset" 131
"../../../Engine/Content/Functions/Engine_MaterialFunctions02/WorldPositionOffset/CameraOffset.uexp" 132
"../../../Engine/Plugins/Animation/ControlRig/Content/M_Manip.uasset" 133
"../../../Engine/Plugins/Animation/ControlRig/Content/M_Manip.uexp" 134
"../../../Engine/Content/Animation/DefaultRecorderBoneCompression.uasset" 135
"../../../Engine/Content/Animation/DefaultRecorderBoneCompression.uexp" 136
"../../../Engine/Content/Animation/DefaultAnimCurveCompressionSettings.uasset" 137
"../../../Engine/Content/Animation/DefaultAnimCurveCompressionSettings.uexp" 138
"../../../Engine/Content/Animation/DefaultAnimBoneCompressionSettings.uasset" 139
"../../../Engine/Content/Animation/DefaultAnimBoneCompressionSettings.uexp" 140
"../../../Engine/Content/EngineFonts/Faces/RobotoLight.uexp" 141
"../../../Engine/Content/EngineFonts/Faces/RobotoLight.uasset" 142
"../../../Engine/Content/EngineFonts/Faces/RobotoLight.ufont" 143
"../../../Engine/Content/EngineFonts/Faces/RobotoBold.uexp" 144
"../../../Engine/Content/EngineFonts/Faces/RobotoBold.uasset" 145
"../../../Engine/Content/EngineFonts/Faces/RobotoBold.ufont" 146
"../../../Engine/Content/EngineFonts/Faces/RobotoRegular.uexp" 147
"../../../Engine/Content/EngineFonts/Faces/RobotoRegular.uasset" 148
"../../../Engine/Content/EngineFonts/Faces/RobotoRegular.ufont" 149
"../../../Engine/Content/EngineFonts/Faces/DroidSansFallback.uexp" 150
"../../../Engine/Content/EngineFonts/Faces/DroidSansFallback.uasset" 151
"../../../Engine/Content/EngineFonts/Faces/DroidSansFallback.ufont" 152
"../../../Engine/Content/EngineFonts/Faces/RobotoItalic.uexp" 153
"../../../Engine/Content/EngineFonts/Faces/RobotoItalic.uasset" 154
"../../../Engine/Content/EngineFonts/Faces/RobotoItalic.ufont" 155
"../../../Engine/Content/EngineFonts/Faces/RobotoBoldItalic.uexp" 156
"../../../Engine/Content/EngineFonts/Faces/RobotoBoldItalic.uasset" 157
"../../../Engine/Content/EngineFonts/Faces/RobotoBoldItalic.ufont" 158
"../../../Engine/Content/EngineFonts/Roboto.uasset" 159
"../../../Engine/Content/EngineFonts/Roboto.uexp" 160
"../../../Engine/Content/EngineSounds/Master.uasset" 161
"../../../Engine/Content/EngineSounds/Master.uexp" 162
"../../../Engine/Plugins/Animation/ControlRig/Content/Controls/DefaultGizmoLibraryNormalized.uasset" 163
"../../../Engine/Plugins/Animation/ControlRig/Content/Controls/DefaultGizmoLibraryNormalized.uexp" 164
"../../../Engine/Plugins/Animation/ControlRig/Content/Controls/ControlRig_Wedge_solid.ubulk" 165
"../../../Engine/Plugins/Animation/ControlRig/Content/Controls/ControlRig_Wedge_solid.uasset" 166
"../../../Engine/Plugins/Animation/ControlRig/Content/Controls/ControlRig_Wedge_solid.uexp" 167
"../../../Engine/Plugins/Animation/ControlRig/Content/Controls/ControlRig_Wedge_3mm.ubulk" 168
"../../../Engine/Plugins/Animation/ControlRig/Content/Controls/ControlRig_Wedge_3mm.uasset" 169
"../../../Engine/Plugins/Animation/ControlRig/Content/Controls/ControlRig_Wedge_3mm.uexp" 170
"../../../Engine/Plugins/Animation/ControlRig/Content/Controls/ControlRig_Wedge_1mm.ubulk" 171
"../../../Engine/Plugins/Animation/ControlRig/Content/Controls/ControlRig_Wedge_1mm.uasset" 172
"../../../Engine/Plugins/Animation/ControlRig/Content/Controls/ControlRig_Wedge_1mm.uexp" 173
"../../../Engine/Plugins/Animation/ControlRig/Content/Controls/ControlRig_Triangle_solid.ubulk" 174
"../../../Engine/Plugins/Animation/ControlRig/Content/Controls/ControlRig_Triangle_solid.uasset" 175
"../../../Engine/Plugins/Animation/ControlRig/Content/Controls/ControlRig_Triangle_solid.uexp" 176
"../../../Engine/Plugins/Animation/ControlRig/Content/Controls/ControlRig_Triangle_3mm.ubulk" 177
"../../../Engine/Plugins/Animation/ControlRig/Content/Controls/ControlRig_Triangle_3mm.uasset" 178
"../../../Engine/Plugins/Animation/ControlRig/Content/Controls/ControlRig_Triangle_3mm.uexp" 179
"../../../Engine/Plugins/Animation/ControlRig/Content/Controls/ControlRig_Triangle_1mm.ubulk" 180
"../../../Engine/Plugins/Animation/ControlRig/Content/Controls/ControlRig_Triangle_1mm.uasset" 181
"../../../Engine/Plugins/Animation/ControlRig/Content/Controls/ControlRig_Triangle_1mm.uexp" 182
"../../../Engine/Plugins/Animation/ControlRig/Content/Controls/ControlRig_Star4_solid.ubulk" 183
"../../../Engine/Plugins/Animation/ControlRig/Content/Controls/ControlRig_Star4_solid.uasset" 184
"../../../Engine/Plugins/Animation/ControlRig/Content/Controls/ControlRig_Star4_solid.uexp" 185
"../../../Engine/Plugins/Animation/ControlRig/Content/Controls/ControlRig_Star4_3mm.ubulk" 186
"../../../Engine/Plugins/Animation/ControlRig/Content/Controls/ControlRig_Star4_3mm.uasset" 187
"../../../Engine/Plugins/Animation/ControlRig/Content/Controls/ControlRig_Star4_3mm.uexp" 188
"../../../Engine/Plugins/Animation/ControlRig/Content/Controls/ControlRig_Star4_1mm.ubulk" 189
"../../../Engine/Plugins/Animation/ControlRig/Content/Controls/ControlRig_Star4_1mm.uasset" 190
"../../../Engine/Plugins/Animation/ControlRig/Content/Controls/ControlRig_Star4_1mm.uexp" 191
"../../../Engine/Plugins/Animation/ControlRig/Content/Controls/ControlRig_Square_solid.ubulk" 192
"../../../Engine/Plugins/Animation/ControlRig/Content/Controls/ControlRig_Square_solid.uasset" 193
"../../../Engine/Plugins/Animation/ControlRig/Content/Controls/ControlRig_Square_solid.uexp" 194
"../../../Engine/Plugins/Animation/ControlRig/Content/Controls/ControlRig_Square_3mm.ubulk" 195
"../../../Engine/Plugins/Animation/ControlRig/Content/Controls/ControlRig_Square_3mm.uasset" 196
"../../../Engine/Plugins/Animation/ControlRig/Content/Controls/ControlRig_Square_3mm.uexp" 197
"../../../Engine/Plugins/Animation/ControlRig/Content/Controls/ControlRig_Square_1mm.ubulk" 198
"../../../Engine/Plugins/Animation/ControlRig/Content/Controls/ControlRig_Square_1mm.uasset" 199
"../../../Engine/Plugins/Animation/ControlRig/Content/Controls/ControlRig_Square_1mm.uexp" 200
"../../../Engine/Plugins/Animation/ControlRig/Content/Controls/ControlRig_Sphere_solid.ubulk" 201
"../../../Engine/Plugins/Animation/ControlRig/Content/Controls/ControlRig_Sphere_solid.uasset" 202
"../../../Engine/Plugins/Animation/ControlRig/Content/Controls/ControlRig_Sphere_solid.uexp" 203
"../../../Engine/Plugins/Animation/ControlRig/Content/Controls/ControlRig_Sphere_3mm.ubulk" 204
"../../../Engine/Plugins/Animation/ControlRig/Content/Controls/ControlRig_Sphere_3mm.uasset" 205
"../../../Engine/Plugins/Animation/ControlRig/Content/Controls/ControlRig_Sphere_3mm.uexp" 206
"../../../Engine/Plugins/Animation/ControlRig/Content/Controls/ControlRig_Sphere_1mm.ubulk" 207
"../../../Engine/Plugins/Animation/ControlRig/Content/Controls/ControlRig_Sphere_1mm.uasset" 208
"../../../Engine/Plugins/Animation/ControlRig/Content/Controls/ControlRig_Sphere_1mm.uexp" 209
"../../../Engine/Plugins/Runtime/MeshModelingToolset/Content/Materials/M_DynamicMeshComponentVtxColor.uasset" 210
"../../../Engine/Plugins/Runtime/MeshModelingToolset/Content/Materials/M_DynamicMeshComponentVtxColor.uexp" 211
"../../../Engine/Content/EngineMaterials/DefaultMaterial.uasset" 212
"../../../Engine/Content/EngineMaterials/DefaultMaterial.uexp" 213
"../../../Engine/Content/BasicShapes/Sphere.ubulk" 214
"../../../Engine/Content/BasicShapes/Sphere.uasset" 215
"../../../Engine/Content/BasicShapes/Sphere.uexp" 216
"../../../Engine/Content/Functions/Engine_MaterialFunctions02/Utility/BreakOutFloat3Components.uasset" 217
"../../../Engine/Content/Functions/Engine_MaterialFunctions02/Utility/BreakOutFloat3Components.uexp" 218
"D:/Unreal Projects/Cubeization/Content/Materials/AtmoMat.uasset" 219
"D:/Unreal Projects/Cubeization/Content/Materials/AtmoMat.uexp" 220
"D:/Unreal Projects/Cubeization/Content/Materials/AtmoMat_Inst.uasset" 221
"D:/Unreal Projects/Cubeization/Content/Materials/AtmoMat_Inst.uexp" 222
"D:/Unreal Projects/Cubeization/Content/ThirdPerson/Input/Actions/IA_Jump.uasset" 223
"D:/Unreal Projects/Cubeization/Content/ThirdPerson/Input/Actions/IA_Jump.uexp" 224
"D:/Unreal Projects/Cubeization/Content/ThirdPerson/Input/Actions/IA_MousePress.uasset" 225
"D:/Unreal Projects/Cubeization/Content/ThirdPerson/Input/Actions/IA_MousePress.uexp" 226
"D:/Unreal Projects/Cubeization/Content/ThirdPerson/Input/Actions/IA_Look.uasset" 227
"D:/Unreal Projects/Cubeization/Content/ThirdPerson/Input/Actions/IA_Look.uexp" 228
"D:/Unreal Projects/Cubeization/Content/ThirdPerson/Input/Actions/IA_Move.uasset" 229
"D:/Unreal Projects/Cubeization/Content/ThirdPerson/Input/Actions/IA_Move.uexp" 230
"D:/Unreal Projects/Cubeization/Content/ThirdPerson/Input/Actions/IA_MouseRelease.uasset" 231
"D:/Unreal Projects/Cubeization/Content/ThirdPerson/Input/Actions/IA_MouseRelease.uexp" 232
"D:/Unreal Projects/Cubeization/Content/ThirdPerson/Input/IMC_Default.uasset" 233
"D:/Unreal Projects/Cubeization/Content/ThirdPerson/Input/IMC_Default.uexp" 234
"D:/Unreal Projects/Cubeization/Content/3C/BP_Controller.uasset" 235
"D:/Unreal Projects/Cubeization/Content/3C/BP_Controller.uexp" 236
"../../../Engine/Content/BasicShapes/Cube.ubulk" 237
"../../../Engine/Content/BasicShapes/Cube.uasset" 238
"../../../Engine/Content/BasicShapes/Cube.uexp" 239
"../../../Engine/Content/BasicShapes/Plane.ubulk" 240
"../../../Engine/Content/BasicShapes/Plane.uasset" 241
"../../../Engine/Content/BasicShapes/Plane.uexp" 242
"../../../Engine/Content/EditorResources/FieldNodes/_Resources/EFieldForceVel.uasset" 243
"../../../Engine/Content/EditorResources/FieldNodes/_Resources/EFieldForceVel.uexp" 244
"../../../Engine/Content/EditorResources/FieldNodes/_Resources/EFieldActivationType.uasset" 245
"../../../Engine/Content/EditorResources/FieldNodes/_Resources/EFieldActivationType.uexp" 246
"../../../Engine/Content/EditorResources/FieldNodes/_Resources/M_FieldVolumePreview.uasset" 247
"../../../Engine/Content/EditorResources/FieldNodes/_Resources/M_FieldVolumePreview.uexp" 248
"../../../Engine/Content/EditorResources/FieldNodes/_Resources/MI_FieldVolumePreview.uasset" 249
"../../../Engine/Content/EditorResources/FieldNodes/_Resources/MI_FieldVolumePreview.uexp" 250
"../../../Engine/Content/Functions/Engine_MaterialFunctions02/Utility/VectorLength.uasset" 251
"../../../Engine/Content/Functions/Engine_MaterialFunctions02/Utility/VectorLength.uexp" 252
"../../../Engine/Content/Functions/Engine_MaterialFunctions02/WorldPositionOffset/ObjectScale.uasset" 253
"../../../Engine/Content/Functions/Engine_MaterialFunctions02/WorldPositionOffset/ObjectScale.uexp" 254
"../../../Engine/Content/EditorResources/FieldNodes/_Resources/M_FieldRadiusPreview.uasset" 255
"../../../Engine/Content/EditorResources/FieldNodes/_Resources/M_FieldRadiusPreview.uexp" 256
"../../../Engine/Content/EditorResources/FieldNodes/_Resources/MI_FieldRadiusPreview.uasset" 257
"../../../Engine/Content/EditorResources/FieldNodes/_Resources/MI_FieldRadiusPreview.uexp" 258
"../../../Engine/Content/EditorResources/FieldNodes/_Resources/SM_FieldArrow.ubulk" 259
"../../../Engine/Content/EditorResources/FieldNodes/_Resources/SM_FieldArrow.uasset" 260
"../../../Engine/Content/EditorResources/FieldNodes/_Resources/SM_FieldArrow.uexp" 261
"../../../Engine/Content/EngineFonts/RobotoDistanceField.uasset" 262
"../../../Engine/Content/EngineFonts/RobotoDistanceField.uexp" 263
"../../../Engine/Content/EditorResources/FieldNodes/_Resources/DefaultTextMaterialOpaque.uasset" 264
"../../../Engine/Content/EditorResources/FieldNodes/_Resources/DefaultTextMaterialOpaque.uexp" 265
"../../../Engine/Content/EditorResources/FieldNodes/_Resources/EFieldShapeType.uasset" 266
"../../../Engine/Content/EditorResources/FieldNodes/_Resources/EFieldShapeType.uexp" 267
"../../../Engine/Content/EditorBlueprintResources/StandardMacros.uasset" 268
"../../../Engine/Content/EditorBlueprintResources/StandardMacros.uexp" 269
"../../../Engine/Content/EditorResources/FieldNodes/FS_MasterField.uasset" 270
"../../../Engine/Content/EditorResources/FieldNodes/FS_MasterField.uexp" 271
"D:/Unreal Projects/Cubeization/Content/Chaos/Projectile_ForceField.uasset" 272
"D:/Unreal Projects/Cubeization/Content/Chaos/Projectile_ForceField.uexp" 273
"D:/Unreal Projects/Cubeization/Content/AbilitySystem/GA_Fire.uasset" 274
"D:/Unreal Projects/Cubeization/Content/AbilitySystem/GA_Fire.uexp" 275
"../../../Engine/Plugins/FX/Niagara/Content/Enums/ENiagaraSphereDistributionMode.uasset" 276
"../../../Engine/Plugins/FX/Niagara/Content/Enums/ENiagaraSphereDistributionMode.uexp" 277
"../../../Engine/Plugins/FX/Niagara/Content/Enums/ENiagaraTorusDistributionMode.uasset" 278
"../../../Engine/Plugins/FX/Niagara/Content/Enums/ENiagaraTorusDistributionMode.uexp" 279
"../../../Engine/Plugins/FX/Niagara/Content/Enums/ENiagaraRandomnessMode.uasset" 280
"../../../Engine/Plugins/FX/Niagara/Content/Enums/ENiagaraRandomnessMode.uexp" 281
"../../../Engine/Plugins/FX/Niagara/Content/Enums/ENiagaraRandomnessEvaluation.uasset" 282
"../../../Engine/Plugins/FX/Niagara/Content/Enums/ENiagaraRandomnessEvaluation.uexp" 283
"../../../Engine/Plugins/FX/Niagara/Content/Enums/Location/ENiagara_LocationShapes.uasset" 284
"../../../Engine/Plugins/FX/Niagara/Content/Enums/Location/ENiagara_LocationShapes.uexp" 285
"../../../Engine/Plugins/FX/Niagara/Content/Enums/ENiagara_MassInitializationMode.uasset" 286
"../../../Engine/Plugins/FX/Niagara/Content/Enums/ENiagara_MassInitializationMode.uexp" 287
"../../../Engine/Plugins/FX/Niagara/Content/Enums/Location/ENiagara_CylinderMode.uasset" 288
"../../../Engine/Plugins/FX/Niagara/Content/Enums/Location/ENiagara_CylinderMode.uexp" 289
"../../../Engine/Plugins/FX/Niagara/Content/DefaultAssets/DefaultSpriteMaterial.uasset" 290
"../../../Engine/Plugins/FX/Niagara/Content/DefaultAssets/DefaultSpriteMaterial.uexp" 291
"../../../Engine/Plugins/FX/Niagara/Content/Enums/ENiagara_PositionInitializationMode.uasset" 292
"../../../Engine/Plugins/FX/Niagara/Content/Enums/ENiagara_PositionInitializationMode.uexp" 293
"../../../Engine/Plugins/FX/Niagara/Content/Icons/Modules/T_Icon_Solver_LimitSpeed.uasset" 294
"../../../Engine/Plugins/FX/Niagara/Content/Icons/Modules/T_Icon_Solver_LimitSpeed.uexp" 295
"../../../Engine/Plugins/FX/Niagara/Content/Icons/Modules/T_Icon_Solver_RotationalSolve.uasset" 296
"../../../Engine/Plugins/FX/Niagara/Content/Icons/Modules/T_Icon_Solver_RotationalSolve.uexp" 297
"../../../Engine/Plugins/FX/Niagara/Content/Icons/Modules/T_Icon_Solver_LimitAccel.uasset" 298
"../../../Engine/Plugins/FX/Niagara/Content/Icons/Modules/T_Icon_Solver_LimitAccel.uexp" 299
"../../../Engine/Plugins/FX/Niagara/Content/Enums/ENiagaraScaleColorMode.uasset" 300
"../../../Engine/Plugins/FX/Niagara/Content/Enums/ENiagaraScaleColorMode.uexp" 301
"../../../Engine/Plugins/FX/Niagara/Content/Enums/ENiagara_SizeScaleMode.uasset" 302
"../../../Engine/Plugins/FX/Niagara/Content/Enums/ENiagara_SizeScaleMode.uexp" 303
"../../../Engine/Plugins/FX/Niagara/Content/Enums/ENiagara_UVFlippingMode.uasset" 304
"../../../Engine/Plugins/FX/Niagara/Content/Enums/ENiagara_UVFlippingMode.uexp" 305
"../../../Engine/Plugins/FX/Niagara/Content/Enums/Ribbons/ENiagara_UnsetDirectSetRandom.uasset" 306
"../../../Engine/Plugins/FX/Niagara/Content/Enums/Ribbons/ENiagara_UnsetDirectSetRandom.uexp" 307
"../../../Engine/Plugins/FX/Niagara/Content/Enums/ENiagara_LifetimeMode.uasset" 308
"../../../Engine/Plugins/FX/Niagara/Content/Enums/ENiagara_LifetimeMode.uexp" 309
"../../../Engine/Plugins/FX/Niagara/Content/Enums/Ribbons/ENiagara_UnsetDirectSet.uasset" 310
"../../../Engine/Plugins/FX/Niagara/Content/Enums/Ribbons/ENiagara_UnsetDirectSet.uexp" 311
"../../../Engine/Plugins/FX/Niagara/Content/Enums/ENiagara_SpriteRotationMode.uasset" 312
"../../../Engine/Plugins/FX/Niagara/Content/Enums/ENiagara_SpriteRotationMode.uexp" 313
"../../../Engine/Plugins/FX/Niagara/Content/Enums/ENiagara_ColorInitializationMode.uasset" 314
"../../../Engine/Plugins/FX/Niagara/Content/Enums/ENiagara_ColorInitializationMode.uexp" 315
"../../../Engine/Plugins/FX/Niagara/Content/Enums/ENiagaraChannelCorrelation.uasset" 316
"../../../Engine/Plugins/FX/Niagara/Content/Enums/ENiagaraChannelCorrelation.uexp" 317
"../../../Engine/Plugins/FX/Niagara/Content/Enums/Transforms/ENiagara_ScaleMode.uasset" 318
"../../../Engine/Plugins/FX/Niagara/Content/Enums/Transforms/ENiagara_ScaleMode.uexp" 319
"../../../Engine/Plugins/FX/Niagara/Content/Enums/Angles/ENiagara_AngleInput.uasset" 320
"../../../Engine/Plugins/FX/Niagara/Content/Enums/Angles/ENiagara_AngleInput.uexp" 321
"../../../Engine/Plugins/FX/Niagara/Content/Enums/Utility/ENiagara_VelocityMode.uasset" 322
"../../../Engine/Plugins/FX/Niagara/Content/Enums/Utility/ENiagara_VelocityMode.uexp" 323
"../../../Engine/Plugins/FX/Niagara/Content/Enums/Transforms/ENiagara_RotationMode.uasset" 324
"../../../Engine/Plugins/FX/Niagara/Content/Enums/Transforms/ENiagara_RotationMode.uexp" 325
"../../../Engine/Plugins/FX/Niagara/Content/Enums/ENiagaraEmitterLifeCycleMode.uasset" 326
"../../../Engine/Plugins/FX/Niagara/Content/Enums/ENiagaraEmitterLifeCycleMode.uexp" 327
"../../../Engine/Plugins/FX/Niagara/Content/Enums/ENiagara_InfiniteLoopDuration.uasset" 328
"../../../Engine/Plugins/FX/Niagara/Content/Enums/ENiagara_InfiniteLoopDuration.uexp" 329
"../../../Engine/Plugins/FX/Niagara/Content/Enums/ENiagara_EmitterStateOptions.uasset" 330
"../../../Engine/Plugins/FX/Niagara/Content/Enums/ENiagara_EmitterStateOptions.uexp" 331
"../../../Engine/Plugins/FX/Niagara/Content/Enums/ENiagaraInactiveMode.uasset" 332
"../../../Engine/Plugins/FX/Niagara/Content/Enums/ENiagaraInactiveMode.uexp" 333
"../../../Engine/Plugins/FX/Niagara/Content/Enums/ENiagaraExecutionStateManagement.uasset" 334
"../../../Engine/Plugins/FX/Niagara/Content/Enums/ENiagaraExecutionStateManagement.uexp" 335
"../../../Engine/Plugins/FX/Niagara/Content/Enums/ENiagaraEmitterScalabilityMode_Limited.uasset" 336
"../../../Engine/Plugins/FX/Niagara/Content/Enums/ENiagaraEmitterScalabilityMode_Limited.uexp" 337
"../../../Engine/Plugins/FX/Niagara/Content/Enums/Location/ENiagara_ConeMode.uasset" 338
"../../../Engine/Plugins/FX/Niagara/Content/Enums/Location/ENiagara_ConeMode.uexp" 339
"../../../Engine/Plugins/FX/Niagara/Content/Enums/ENiagaraSystemInactiveMode.uasset" 340
"../../../Engine/Plugins/FX/Niagara/Content/Enums/ENiagaraSystemInactiveMode.uexp" 341
"../../../Engine/Plugins/FX/Niagara/Content/Enums/ENiagara_AttributeSamplingApplyOutput.uasset" 342
"../../../Engine/Plugins/FX/Niagara/Content/Enums/ENiagara_AttributeSamplingApplyOutput.uexp" 343
"../../../Engine/Plugins/FX/Niagara/Content/Enums/Transforms/ENiagara_OffsetMode.uasset" 344
"../../../Engine/Plugins/FX/Niagara/Content/Enums/Transforms/ENiagara_OffsetMode.uexp" 345
"../../../Engine/Plugins/FX/Niagara/Content/Enums/Location/ENiagara_BoxPlaneMode.uasset" 346
"../../../Engine/Plugins/FX/Niagara/Content/Enums/Location/ENiagara_BoxPlaneMode.uexp" 347
"../../../Engine/Plugins/FX/Niagara/Content/Enums/Transforms/ENiagara_TransformOrder.uasset" 348
"../../../Engine/Plugins/FX/Niagara/Content/Enums/Transforms/ENiagara_TransformOrder.uexp" 349
"../../../Engine/Plugins/FX/Niagara/Content/Enums/Location/ENiagaraRingDiscMode.uasset" 350
"../../../Engine/Plugins/FX/Niagara/Content/Enums/Location/ENiagaraRingDiscMode.uexp" 351
"../../../Engine/Plugins/FX/Niagara/Content/Enums/ENiagaraShapeTorusMode.uasset" 352
"../../../Engine/Plugins/FX/Niagara/Content/Enums/ENiagaraShapeTorusMode.uexp" 353
"../../../Engine/Plugins/FX/Niagara/Content/Enums/ENiagaraExpansionMode.uasset" 354
"../../../Engine/Plugins/FX/Niagara/Content/Enums/ENiagaraExpansionMode.uexp" 355
"../../../Engine/Plugins/FX/Niagara/Content/Enums/Transforms/ENiagara_TransformType.uasset" 356
"../../../Engine/Plugins/FX/Niagara/Content/Enums/Transforms/ENiagara_TransformType.uexp" 357
"../../../Engine/Plugins/FX/Niagara/Content/Icons/Modules/T_Icon_Particle_InfiniteLife.uasset" 358
"../../../Engine/Plugins/FX/Niagara/Content/Icons/Modules/T_Icon_Particle_InfiniteLife.uexp" 359
"../../../Engine/Plugins/FX/Niagara/Content/Enums/SpriteRenderer/ENiagara_ScaleSpriteSize.uasset" 360
"../../../Engine/Plugins/FX/Niagara/Content/Enums/SpriteRenderer/ENiagara_ScaleSpriteSize.uexp" 361
"D:/Unreal Projects/Cubeization/Content/AbilitySystem/NewNiagaraSystem.uasset" 362
"D:/Unreal Projects/Cubeization/Content/AbilitySystem/NewNiagaraSystem.uexp" 363
"../../../Engine/Content/BasicShapes/BasicShapeMaterial.uasset" 364
"../../../Engine/Content/BasicShapes/BasicShapeMaterial.uexp" 365
"D:/Unreal Projects/Cubeization/Content/Chaos/BP_AtomProjectile.uasset" 366
"D:/Unreal Projects/Cubeization/Content/Chaos/BP_AtomProjectile.uexp" 367
"D:/Unreal Projects/Cubeization/Content/AbilitySystem/GA_Test.uasset" 368
"D:/Unreal Projects/Cubeization/Content/AbilitySystem/GA_Test.uexp" 369
"D:/Unreal Projects/Cubeization/Content/3C/Atom.uasset" 370
"D:/Unreal Projects/Cubeization/Content/3C/Atom.uexp" 371
"D:/Unreal Projects/Cubeization/Content/3C/BP_GameMode.uasset" 372
"D:/Unreal Projects/Cubeization/Content/3C/BP_GameMode.uexp" 373
"../../../Engine/Content/Functions/Engine_MaterialFunctions02/WorldPositionOffset/LocalPosition.uasset" 374
"../../../Engine/Content/Functions/Engine_MaterialFunctions02/WorldPositionOffset/LocalPosition.uexp" 375
"../../../Engine/Content/Functions/Engine_MaterialFunctions02/Utility/BreakOutFloat2Components.uasset" 376
"../../../Engine/Content/Functions/Engine_MaterialFunctions02/Utility/BreakOutFloat2Components.uexp" 377
"D:/Unreal Projects/Cubeization/Content/Materials/TerrainMat.uasset" 378
"D:/Unreal Projects/Cubeization/Content/Materials/TerrainMat.uexp" 379
"D:/Unreal Projects/Cubeization/Content/Materials/TerrainBreakMat.uasset" 380
"D:/Unreal Projects/Cubeization/Content/Materials/TerrainBreakMat.uexp" 381
"D:/Unreal Projects/Cubeization/Content/Chaos/Actors/BP_GCA_Base.uasset" 382
"D:/Unreal Projects/Cubeization/Content/Chaos/Actors/BP_GCA_Base.uexp" 383
"../../../Engine/Content/Functions/Engine_MaterialFunctions02/ScreenResolution.uasset" 384
"../../../Engine/Content/Functions/Engine_MaterialFunctions02/ScreenResolution.uexp" 385
"../../../Engine/Content/EngineMaterials/Grid.ubulk" 386
"../../../Engine/Content/EngineMaterials/Grid.uasset" 387
"../../../Engine/Content/EngineMaterials/Grid.uexp" 388
"../../../Engine/Content/EngineMaterials/DefaultDiffuse.ubulk" 389
"../../../Engine/Content/EngineMaterials/DefaultDiffuse.uasset" 390
"../../../Engine/Content/EngineMaterials/DefaultDiffuse.uexp" 391
"../../../Engine/Content/Functions/Engine_MaterialFunctions01/Gradient/LinearGradient.uasset" 392
"../../../Engine/Content/Functions/Engine_MaterialFunctions01/Gradient/LinearGradient.uexp" 393
"../../../Engine/Content/Functions/Engine_MaterialFunctions01/ImageAdjustment/CheapContrast.uasset" 394
"../../../Engine/Content/Functions/Engine_MaterialFunctions01/ImageAdjustment/CheapContrast.uexp" 395
"../../../Engine/Content/Functions/Engine_MaterialFunctions01/Texturing/WorldAlignedTexture.uasset" 396
"../../../Engine/Content/Functions/Engine_MaterialFunctions01/Texturing/WorldAlignedTexture.uexp" 397
"../../../Engine/Content/EditorMaterials/GeometryCollection/SelectedGeometryMaterial.uasset" 398
"../../../Engine/Content/EditorMaterials/GeometryCollection/SelectedGeometryMaterial.uexp" 399
"D:/Unreal Projects/Cubeization/Content/Chaos/Cubes/GC_Cube1.uasset" 400
"D:/Unreal Projects/Cubeization/Content/Chaos/Cubes/GC_Cube1.uexp" 401
"D:/Unreal Projects/Cubeization/Content/Chaos/Actors/CGA_Cube_1.uasset" 402
"D:/Unreal Projects/Cubeization/Content/Chaos/Actors/CGA_Cube_1.uexp" 403
"D:/Unreal Projects/Cubeization/Content/Chaos/Cubes/GC_Cube2.uasset" 404
"D:/Unreal Projects/Cubeization/Content/Chaos/Cubes/GC_Cube2.uexp" 405
"D:/Unreal Projects/Cubeization/Content/Chaos/Actors/CGA_Cube_2.uasset" 406
"D:/Unreal Projects/Cubeization/Content/Chaos/Actors/CGA_Cube_2.uexp" 407
"D:/Unreal Projects/Cubeization/Content/Chaos/Cubes/GC_Cube3.uasset" 408
"D:/Unreal Projects/Cubeization/Content/Chaos/Cubes/GC_Cube3.uexp" 409
"D:/Unreal Projects/Cubeization/Content/Chaos/Actors/CGA_Cube_3.uasset" 410
"D:/Unreal Projects/Cubeization/Content/Chaos/Actors/CGA_Cube_3.uexp" 411
"D:/Unreal Projects/Cubeization/Content/Chaos/Cubes/GC_Cube4.uasset" 412
"D:/Unreal Projects/Cubeization/Content/Chaos/Cubes/GC_Cube4.uexp" 413
"D:/Unreal Projects/Cubeization/Content/Chaos/Actors/CGA_Cube_4.uasset" 414
"D:/Unreal Projects/Cubeization/Content/Chaos/Actors/CGA_Cube_4.uexp" 415
"D:/Unreal Projects/Cubeization/Content/Chaos/Cubes/GC_Cube5.uasset" 416
"D:/Unreal Projects/Cubeization/Content/Chaos/Cubes/GC_Cube5.uexp" 417
"D:/Unreal Projects/Cubeization/Content/Chaos/Actors/CGA_Cube_5.uasset" 418
"D:/Unreal Projects/Cubeization/Content/Chaos/Actors/CGA_Cube_5.uexp" 419
"D:/Unreal Projects/Cubeization/Content/Chaos/Cubes/GC_Cube6.uasset" 420
"D:/Unreal Projects/Cubeization/Content/Chaos/Cubes/GC_Cube6.uexp" 421
"D:/Unreal Projects/Cubeization/Content/Chaos/Actors/CGA_Cube_6.uasset" 422
"D:/Unreal Projects/Cubeization/Content/Chaos/Actors/CGA_Cube_6.uexp" 423
"D:/Unreal Projects/Cubeization/Content/Chaos/Cubes/GC_Cube7.uasset" 424
"D:/Unreal Projects/Cubeization/Content/Chaos/Cubes/GC_Cube7.uexp" 425
"D:/Unreal Projects/Cubeization/Content/Chaos/Actors/CGA_Cube_7.uasset" 426
"D:/Unreal Projects/Cubeization/Content/Chaos/Actors/CGA_Cube_7.uexp" 427
"D:/Unreal Projects/Cubeization/Content/Chaos/Cubes/GC_Cube8.uasset" 428
"D:/Unreal Projects/Cubeization/Content/Chaos/Cubes/GC_Cube8.uexp" 429
"D:/Unreal Projects/Cubeization/Content/Chaos/Actors/CGA_Cube_8.uasset" 430
"D:/Unreal Projects/Cubeization/Content/Chaos/Actors/CGA_Cube_8.uexp" 431
"D:/Unreal Projects/Cubeization/Content/Chaos/Cubes/GC_Cube9.uasset" 432
"D:/Unreal Projects/Cubeization/Content/Chaos/Cubes/GC_Cube9.uexp" 433
"D:/Unreal Projects/Cubeization/Content/Chaos/Actors/CGA_Cube_9.uasset" 434
"D:/Unreal Projects/Cubeization/Content/Chaos/Actors/CGA_Cube_9.uexp" 435
"D:/Unreal Projects/Cubeization/Content/Chaos/Cubes/GC_Cube10.uasset" 436
"D:/Unreal Projects/Cubeization/Content/Chaos/Cubes/GC_Cube10.uexp" 437
"D:/Unreal Projects/Cubeization/Content/Chaos/Actors/CGA_Cube_10.uasset" 438
"D:/Unreal Projects/Cubeization/Content/Chaos/Actors/CGA_Cube_10.uexp" 439
"D:/Unreal Projects/Cubeization/Content/Chaos/BP_CubeStaticMesh.uasset" 440
"D:/Unreal Projects/Cubeization/Content/Chaos/BP_CubeStaticMesh.uexp" 441
"D:/Unreal Projects/Cubeization/Content/Chaos/BP_TerrainCubeActor.uasset" 442
"D:/Unreal Projects/Cubeization/Content/Chaos/BP_TerrainCubeActor.uexp" 443
"D:/Unreal Projects/Cubeization/Content/Mesh/LongCube.ubulk" 444
"D:/Unreal Projects/Cubeization/Content/Mesh/LongCube.uasset" 445
"D:/Unreal Projects/Cubeization/Content/Mesh/LongCube.uexp" 446
"D:/Unreal Projects/Cubeization/Content/MASS/EntityConfiger.uasset" 447
"D:/Unreal Projects/Cubeization/Content/MASS/EntityConfiger.uexp" 448
"../../../Engine/Plugins/Interchange/Runtime/Content/Pipelines/DefaultTexturePipeline.uasset" 449
"../../../Engine/Plugins/Interchange/Runtime/Content/Pipelines/DefaultTexturePipeline.uexp" 450
"../../../Engine/Plugins/Interchange/Runtime/Content/Pipelines/DefaultSceneLevelPipeline.uasset" 451
"../../../Engine/Plugins/Interchange/Runtime/Content/Pipelines/DefaultSceneLevelPipeline.uexp" 452
"../../../Engine/Plugins/Interchange/Runtime/Content/Pipelines/DefaultSceneAssetsPipeline.uasset" 453
"../../../Engine/Plugins/Interchange/Runtime/Content/Pipelines/DefaultSceneAssetsPipeline.uexp" 454
"../../../Engine/Plugins/Interchange/Runtime/Content/Pipelines/DefaultMaterialPipeline.uasset" 455
"../../../Engine/Plugins/Interchange/Runtime/Content/Pipelines/DefaultMaterialPipeline.uexp" 456
"../../../Engine/Plugins/Interchange/Runtime/Content/Pipelines/DefaultAssetsPipeline.uasset" 457
"../../../Engine/Plugins/Interchange/Runtime/Content/Pipelines/DefaultAssetsPipeline.uexp" 458
"../../../Engine/Plugins/Editor/SpeedTreeImporter/Content/SpeedTree9/game_wind_noise.ubulk" 459
"../../../Engine/Plugins/Editor/SpeedTreeImporter/Content/SpeedTree9/game_wind_noise.uasset" 460
"../../../Engine/Plugins/Editor/SpeedTreeImporter/Content/SpeedTree9/game_wind_noise.uexp" 461
"../../../Engine/Plugins/Editor/SpeedTreeImporter/Content/SpeedTree9/UnpackDirection.uasset" 462
"../../../Engine/Plugins/Editor/SpeedTreeImporter/Content/SpeedTree9/UnpackDirection.uexp" 463
"../../../Engine/Content/Functions/Engine_MaterialFunctions02/ObjectLocalBounds.uasset" 464
"../../../Engine/Content/Functions/Engine_MaterialFunctions02/ObjectLocalBounds.uexp" 465
"../../../Engine/Content/Functions/Engine_MaterialFunctions02/UVs/BoundingBoxBased_0-1_UVW.uasset" 466
"../../../Engine/Content/Functions/Engine_MaterialFunctions02/UVs/BoundingBoxBased_0-1_UVW.uexp" 467
"../../../Engine/Plugins/Editor/SpeedTreeImporter/Content/SpeedTree9/UnpackInteger3.uasset" 468
"../../../Engine/Plugins/Editor/SpeedTreeImporter/Content/SpeedTree9/UnpackInteger3.uexp" 469
"../../../Engine/Plugins/Editor/SpeedTreeImporter/Content/SpeedTree9/SpeedTreeCameraFacing.uasset" 470
"../../../Engine/Plugins/Editor/SpeedTreeImporter/Content/SpeedTree9/SpeedTreeCameraFacing.uexp" 471
"../../../Engine/Content/Functions/Engine_MaterialFunctions02/SafeNormalize.uasset" 472
"../../../Engine/Content/Functions/Engine_MaterialFunctions02/SafeNormalize.uexp" 473
"../../../Engine/Plugins/Editor/SpeedTreeImporter/Content/SpeedTree9/SpeedTreeWindMotion.uasset" 474
"../../../Engine/Plugins/Editor/SpeedTreeImporter/Content/SpeedTree9/SpeedTreeWindMotion.uexp" 475
"../../../Engine/Plugins/Editor/SpeedTreeImporter/Content/SpeedTree9/SpeedTreeBranchMotion.uasset" 476
"../../../Engine/Plugins/Editor/SpeedTreeImporter/Content/SpeedTree9/SpeedTreeBranchMotion.uexp" 477
"../../../Engine/Plugins/Editor/SpeedTreeImporter/Content/SpeedTree9/SpeedTreeWind.uasset" 478
"../../../Engine/Plugins/Editor/SpeedTreeImporter/Content/SpeedTree9/SpeedTreeWind.uexp" 479
"../../../Engine/Plugins/Editor/SpeedTreeImporter/Content/SpeedTree9/EmptyNormal.uasset" 480
"../../../Engine/Plugins/Editor/SpeedTreeImporter/Content/SpeedTree9/EmptyNormal.uexp" 481
"../../../Engine/Plugins/Editor/SpeedTreeImporter/Content/SpeedTree9/Empty.uasset" 482
"../../../Engine/Plugins/Editor/SpeedTreeImporter/Content/SpeedTree9/Empty.uexp" 483
"../../../Engine/Plugins/Editor/SpeedTreeImporter/Content/SpeedTree9/SpeedTreeMaster.uasset" 484
"../../../Engine/Plugins/Editor/SpeedTreeImporter/Content/SpeedTree9/SpeedTreeMaster.uexp" 485
"../../../Engine/Plugins/Editor/SpeedTreeImporter/Content/SpeedTree9/SpeedTreeBillboard.uasset" 486
"../../../Engine/Plugins/Editor/SpeedTreeImporter/Content/SpeedTree9/SpeedTreeBillboard.uexp" 487
"../../../Engine/Plugins/Editor/SpeedTreeImporter/Content/SpeedTree9/SpeedTreeBillboardMaster.uasset" 488
"../../../Engine/Plugins/Editor/SpeedTreeImporter/Content/SpeedTree9/SpeedTreeBillboardMaster.uexp" 489
"../../../Engine/Plugins/Animation/ControlRig/Content/Controls/ControlRig_RoundedTriangle_solid.ubulk" 490
"../../../Engine/Plugins/Animation/ControlRig/Content/Controls/ControlRig_RoundedTriangle_solid.uasset" 491
"../../../Engine/Plugins/Animation/ControlRig/Content/Controls/ControlRig_RoundedTriangle_solid.uexp" 492
"../../../Engine/Plugins/Animation/ControlRig/Content/Controls/ControlRig_RoundedTriangle_3mm.ubulk" 493
"../../../Engine/Plugins/Animation/ControlRig/Content/Controls/ControlRig_RoundedTriangle_3mm.uasset" 494
"../../../Engine/Plugins/Animation/ControlRig/Content/Controls/ControlRig_RoundedTriangle_3mm.uexp" 495
"../../../Engine/Plugins/Animation/ControlRig/Content/Controls/ControlRig_RoundedTriangle_1mm.ubulk" 496
"../../../Engine/Plugins/Animation/ControlRig/Content/Controls/ControlRig_RoundedTriangle_1mm.uasset" 497
"../../../Engine/Plugins/Animation/ControlRig/Content/Controls/ControlRig_RoundedTriangle_1mm.uexp" 498
"../../../Engine/Plugins/Animation/ControlRig/Content/Controls/ControlRig_RoundedSquare_solid.ubulk" 499
"../../../Engine/Plugins/Animation/ControlRig/Content/Controls/ControlRig_RoundedSquare_solid.uasset" 500
"../../../Engine/Plugins/Animation/ControlRig/Content/Controls/ControlRig_RoundedSquare_solid.uexp" 501
"../../../Engine/Plugins/Animation/ControlRig/Content/Controls/ControlRig_RoundedSquare_3mm.ubulk" 502
"../../../Engine/Plugins/Animation/ControlRig/Content/Controls/ControlRig_RoundedSquare_3mm.uasset" 503
"../../../Engine/Plugins/Animation/ControlRig/Content/Controls/ControlRig_RoundedSquare_3mm.uexp" 504
"../../../Engine/Plugins/Animation/ControlRig/Content/Controls/ControlRig_RoundedSquare_1mm.ubulk" 505
"../../../Engine/Plugins/Animation/ControlRig/Content/Controls/ControlRig_RoundedSquare_1mm.uasset" 506
"../../../Engine/Plugins/Animation/ControlRig/Content/Controls/ControlRig_RoundedSquare_1mm.uexp" 507
"../../../Engine/Plugins/Animation/ControlRig/Content/Controls/ControlRig_QuarterCircle_solid.ubulk" 508
"../../../Engine/Plugins/Animation/ControlRig/Content/Controls/ControlRig_QuarterCircle_solid.uasset" 509
"../../../Engine/Plugins/Animation/ControlRig/Content/Controls/ControlRig_QuarterCircle_solid.uexp" 510
"../../../Engine/Plugins/Animation/ControlRig/Content/Controls/ControlRig_QuarterCircle_3mm.ubulk" 511
"../../../Engine/Plugins/Animation/ControlRig/Content/Controls/ControlRig_QuarterCircle_3mm.uasset" 512
"../../../Engine/Plugins/Animation/ControlRig/Content/Controls/ControlRig_QuarterCircle_3mm.uexp" 513
"../../../Engine/Plugins/Animation/ControlRig/Content/Controls/ControlRig_QuarterCircle_1mm.ubulk" 514
"../../../Engine/Plugins/Animation/ControlRig/Content/Controls/ControlRig_QuarterCircle_1mm.uasset" 515
"../../../Engine/Plugins/Animation/ControlRig/Content/Controls/ControlRig_QuarterCircle_1mm.uexp" 516
"../../../Engine/Plugins/Animation/ControlRig/Content/Controls/ControlRig_Pyramid_solid.ubulk" 517
"../../../Engine/Plugins/Animation/ControlRig/Content/Controls/ControlRig_Pyramid_solid.uasset" 518
"../../../Engine/Plugins/Animation/ControlRig/Content/Controls/ControlRig_Pyramid_solid.uexp" 519
"../../../Engine/Plugins/Animation/ControlRig/Content/Controls/ControlRig_Pyramid_3mm.ubulk" 520
"../../../Engine/Plugins/Animation/ControlRig/Content/Controls/ControlRig_Pyramid_3mm.uasset" 521
"../../../Engine/Plugins/Animation/ControlRig/Content/Controls/ControlRig_Pyramid_3mm.uexp" 522
"../../../Engine/Plugins/Animation/ControlRig/Content/Controls/ControlRig_Pyramid_1mm.ubulk" 523
"../../../Engine/Plugins/Animation/ControlRig/Content/Controls/ControlRig_Pyramid_1mm.uasset" 524
"../../../Engine/Plugins/Animation/ControlRig/Content/Controls/ControlRig_Pyramid_1mm.uexp" 525
"../../../Engine/Plugins/Animation/ControlRig/Content/Controls/ControlRig_Octagon_solid.ubulk" 526
"../../../Engine/Plugins/Animation/ControlRig/Content/Controls/ControlRig_Octagon_solid.uasset" 527
"../../../Engine/Plugins/Animation/ControlRig/Content/Controls/ControlRig_Octagon_solid.uexp" 528
"../../../Engine/Plugins/Animation/ControlRig/Content/Controls/ControlRig_Octagon_3mm.ubulk" 529
"../../../Engine/Plugins/Animation/ControlRig/Content/Controls/ControlRig_Octagon_3mm.uasset" 530
"../../../Engine/Plugins/Animation/ControlRig/Content/Controls/ControlRig_Octagon_3mm.uexp" 531
"../../../Engine/Plugins/Animation/ControlRig/Content/Controls/ControlRig_Octagon_1mm.ubulk" 532
"../../../Engine/Plugins/Animation/ControlRig/Content/Controls/ControlRig_Octagon_1mm.uasset" 533
"../../../Engine/Plugins/Animation/ControlRig/Content/Controls/ControlRig_Octagon_1mm.uexp" 534
"../../../Engine/Plugins/Animation/ControlRig/Content/Controls/ControlRig_Hexagon_solid.ubulk" 535
"../../../Engine/Plugins/Animation/ControlRig/Content/Controls/ControlRig_Hexagon_solid.uasset" 536
"../../../Engine/Plugins/Animation/ControlRig/Content/Controls/ControlRig_Hexagon_solid.uexp" 537
"../../../Engine/Plugins/Animation/ControlRig/Content/Controls/ControlRig_Hexagon_3mm.ubulk" 538
"../../../Engine/Plugins/Animation/ControlRig/Content/Controls/ControlRig_Hexagon_3mm.uasset" 539
"../../../Engine/Plugins/Animation/ControlRig/Content/Controls/ControlRig_Hexagon_3mm.uexp" 540
"../../../Engine/Plugins/Animation/ControlRig/Content/Controls/ControlRig_Hexagon_1mm.ubulk" 541
"../../../Engine/Plugins/Animation/ControlRig/Content/Controls/ControlRig_Hexagon_1mm.uasset" 542
"../../../Engine/Plugins/Animation/ControlRig/Content/Controls/ControlRig_Hexagon_1mm.uexp" 543
"../../../Engine/Plugins/Animation/ControlRig/Content/Controls/ControlRig_HalfCircle_solid.ubulk" 544
"../../../Engine/Plugins/Animation/ControlRig/Content/Controls/ControlRig_HalfCircle_solid.uasset" 545
"../../../Engine/Plugins/Animation/ControlRig/Content/Controls/ControlRig_HalfCircle_solid.uexp" 546
"../../../Engine/Plugins/Animation/ControlRig/Content/Controls/ControlRig_HalfCircle_3mm.ubulk" 547
"../../../Engine/Plugins/Animation/ControlRig/Content/Controls/ControlRig_HalfCircle_3mm.uasset" 548
"../../../Engine/Plugins/Animation/ControlRig/Content/Controls/ControlRig_HalfCircle_3mm.uexp" 549
"../../../Engine/Plugins/Animation/ControlRig/Content/Controls/ControlRig_HalfCircle_1mm.ubulk" 550
"../../../Engine/Plugins/Animation/ControlRig/Content/Controls/ControlRig_HalfCircle_1mm.uasset" 551
"../../../Engine/Plugins/Animation/ControlRig/Content/Controls/ControlRig_HalfCircle_1mm.uexp" 552
"../../../Engine/Plugins/Animation/ControlRig/Content/Controls/ControlRig_Diamond_solid.ubulk" 553
"../../../Engine/Plugins/Animation/ControlRig/Content/Controls/ControlRig_Diamond_solid.uasset" 554
"../../../Engine/Plugins/Animation/ControlRig/Content/Controls/ControlRig_Diamond_solid.uexp" 555
"../../../Engine/Plugins/Animation/ControlRig/Content/Controls/ControlRig_Diamond_3mm.ubulk" 556
"../../../Engine/Plugins/Animation/ControlRig/Content/Controls/ControlRig_Diamond_3mm.uasset" 557
"../../../Engine/Plugins/Animation/ControlRig/Content/Controls/ControlRig_Diamond_3mm.uexp" 558
"../../../Engine/Plugins/Animation/ControlRig/Content/Controls/ControlRig_Diamond_1mm.ubulk" 559
"../../../Engine/Plugins/Animation/ControlRig/Content/Controls/ControlRig_Diamond_1mm.uasset" 560
"../../../Engine/Plugins/Animation/ControlRig/Content/Controls/ControlRig_Diamond_1mm.uexp" 561
"../../../Engine/Plugins/Animation/ControlRig/Content/Controls/ControlRig_Circle_solid.ubulk" 562
"../../../Engine/Plugins/Animation/ControlRig/Content/Controls/ControlRig_Circle_solid.uasset" 563
"../../../Engine/Plugins/Animation/ControlRig/Content/Controls/ControlRig_Circle_solid.uexp" 564
"../../../Engine/Plugins/Animation/ControlRig/Content/Controls/ControlRig_Circle_3mm.ubulk" 565
"../../../Engine/Plugins/Animation/ControlRig/Content/Controls/ControlRig_Circle_3mm.uasset" 566
"../../../Engine/Plugins/Animation/ControlRig/Content/Controls/ControlRig_Circle_3mm.uexp" 567
"../../../Engine/Plugins/Animation/ControlRig/Content/Controls/ControlRig_Circle_1mm.ubulk" 568
"../../../Engine/Plugins/Animation/ControlRig/Content/Controls/ControlRig_Circle_1mm.uasset" 569
"../../../Engine/Plugins/Animation/ControlRig/Content/Controls/ControlRig_Circle_1mm.uexp" 570
"../../../Engine/Plugins/Animation/ControlRig/Content/Controls/ControlRig_Box_solid.ubulk" 571
"../../../Engine/Plugins/Animation/ControlRig/Content/Controls/ControlRig_Box_solid.uasset" 572
"../../../Engine/Plugins/Animation/ControlRig/Content/Controls/ControlRig_Box_solid.uexp" 573
"../../../Engine/Plugins/Animation/ControlRig/Content/Controls/ControlRig_Box_3mm.ubulk" 574
"../../../Engine/Plugins/Animation/ControlRig/Content/Controls/ControlRig_Box_3mm.uasset" 575
"../../../Engine/Plugins/Animation/ControlRig/Content/Controls/ControlRig_Box_3mm.uexp" 576
"../../../Engine/Plugins/Animation/ControlRig/Content/Controls/ControlRig_Box_1mm.ubulk" 577
"../../../Engine/Plugins/Animation/ControlRig/Content/Controls/ControlRig_Box_1mm.uasset" 578
"../../../Engine/Plugins/Animation/ControlRig/Content/Controls/ControlRig_Box_1mm.uexp" 579
"../../../Engine/Plugins/Animation/ControlRig/Content/Controls/ControlRig_Arrow_solid.ubulk" 580
"../../../Engine/Plugins/Animation/ControlRig/Content/Controls/ControlRig_Arrow_solid.uasset" 581
"../../../Engine/Plugins/Animation/ControlRig/Content/Controls/ControlRig_Arrow_solid.uexp" 582
"../../../Engine/Plugins/Animation/ControlRig/Content/Controls/ControlRig_Arrow_3mm.ubulk" 583
"../../../Engine/Plugins/Animation/ControlRig/Content/Controls/ControlRig_Arrow_3mm.uasset" 584
"../../../Engine/Plugins/Animation/ControlRig/Content/Controls/ControlRig_Arrow_3mm.uexp" 585
"../../../Engine/Plugins/Animation/ControlRig/Content/Controls/ControlRig_Arrow_1mm.ubulk" 586
"../../../Engine/Plugins/Animation/ControlRig/Content/Controls/ControlRig_Arrow_1mm.uasset" 587
"../../../Engine/Plugins/Animation/ControlRig/Content/Controls/ControlRig_Arrow_1mm.uexp" 588
"../../../Engine/Plugins/Animation/ControlRig/Content/Controls/ControlRig_Arrow4_solid.ubulk" 589
"../../../Engine/Plugins/Animation/ControlRig/Content/Controls/ControlRig_Arrow4_solid.uasset" 590
"../../../Engine/Plugins/Animation/ControlRig/Content/Controls/ControlRig_Arrow4_solid.uexp" 591
"../../../Engine/Plugins/Animation/ControlRig/Content/Controls/ControlRig_Arrow4_3mm.ubulk" 592
"../../../Engine/Plugins/Animation/ControlRig/Content/Controls/ControlRig_Arrow4_3mm.uasset" 593
"../../../Engine/Plugins/Animation/ControlRig/Content/Controls/ControlRig_Arrow4_3mm.uexp" 594
"../../../Engine/Plugins/Animation/ControlRig/Content/Controls/ControlRig_Arrow4_1mm.ubulk" 595
"../../../Engine/Plugins/Animation/ControlRig/Content/Controls/ControlRig_Arrow4_1mm.uasset" 596
"../../../Engine/Plugins/Animation/ControlRig/Content/Controls/ControlRig_Arrow4_1mm.uexp" 597
"../../../Engine/Plugins/Animation/ControlRig/Content/Controls/ControlRig_Arrow2_solid.ubulk" 598
"../../../Engine/Plugins/Animation/ControlRig/Content/Controls/ControlRig_Arrow2_solid.uasset" 599
"../../../Engine/Plugins/Animation/ControlRig/Content/Controls/ControlRig_Arrow2_solid.uexp" 600
"../../../Engine/Plugins/Animation/ControlRig/Content/Controls/ControlRig_Arrow2_3mm.ubulk" 601
"../../../Engine/Plugins/Animation/ControlRig/Content/Controls/ControlRig_Arrow2_3mm.uasset" 602
"../../../Engine/Plugins/Animation/ControlRig/Content/Controls/ControlRig_Arrow2_3mm.uexp" 603
"../../../Engine/Plugins/Animation/ControlRig/Content/Controls/ControlRig_Arrow2_1mm.ubulk" 604
"../../../Engine/Plugins/Animation/ControlRig/Content/Controls/ControlRig_Arrow2_1mm.uasset" 605
"../../../Engine/Plugins/Animation/ControlRig/Content/Controls/ControlRig_Arrow2_1mm.uexp" 606
"../../../Engine/Plugins/Animation/ControlRig/Content/Controls/ControlRigXRayMaterial.uasset" 607
"../../../Engine/Plugins/Animation/ControlRig/Content/Controls/ControlRigXRayMaterial.uexp" 608
"../../../Engine/Plugins/Animation/ControlRig/Content/Controls/ControlRigGizmoMaterial.uasset" 609
"../../../Engine/Plugins/Animation/ControlRig/Content/Controls/ControlRigGizmoMaterial.uexp" 610
"../../../Engine/Content/EngineResources/WhiteSquareTexture.uasset" 611
"../../../Engine/Content/EngineResources/WhiteSquareTexture.uexp" 612
"../../../Engine/Content/EngineMaterials/Widget3DPassThrough.uasset" 613
"../../../Engine/Content/EngineMaterials/Widget3DPassThrough.uexp" 614
"../../../Engine/Content/EngineMaterials/Widget3DPassThrough_Translucent.uasset" 615
"../../../Engine/Content/EngineMaterials/Widget3DPassThrough_Translucent.uexp" 616
"../../../Engine/Content/EngineMaterials/Widget3DPassThrough_Translucent_OneSided.uasset" 617
"../../../Engine/Content/EngineMaterials/Widget3DPassThrough_Translucent_OneSided.uexp" 618
"../../../Engine/Content/EngineMaterials/Widget3DPassThrough_Opaque.uasset" 619
"../../../Engine/Content/EngineMaterials/Widget3DPassThrough_Opaque.uexp" 620
"../../../Engine/Content/EngineMaterials/Widget3DPassThrough_Opaque_OneSided.uasset" 621
"../../../Engine/Content/EngineMaterials/Widget3DPassThrough_Opaque_OneSided.uexp" 622
"../../../Engine/Content/EngineMaterials/Widget3DPassThrough_Masked_OneSided.uasset" 623
"../../../Engine/Content/EngineMaterials/Widget3DPassThrough_Masked_OneSided.uexp" 624
"../../../Engine/Content/EngineMaterials/Widget3DPassThrough_Masked.uasset" 625
"../../../Engine/Content/EngineMaterials/Widget3DPassThrough_Masked.uexp" 626
"../../../Engine/Content/EngineMaterials/STBlueNoise_vec2_128x128x64.uasset" 627
"../../../Engine/Content/EngineMaterials/STBlueNoise_vec2_128x128x64.uexp" 628
"../../../Engine/Content/EngineMaterials/STBlueNoise_scalar_128x128x64.uasset" 629
"../../../Engine/Content/EngineMaterials/STBlueNoise_scalar_128x128x64.uexp" 630
"../../../Engine/Content/EngineMaterials/RemoveSurfaceMaterial.uasset" 631
"../../../Engine/Content/EngineMaterials/RemoveSurfaceMaterial.uexp" 632
"../../../Engine/Content/EngineMaterials/DefaultCalibrationGrayscale.uasset" 633
"../../../Engine/Content/EngineMaterials/DefaultCalibrationGrayscale.uexp" 634
"../../../Engine/Content/EngineMaterials/PPM_DefaultCalibrationGrayscale.uasset" 635
"../../../Engine/Content/EngineMaterials/PPM_DefaultCalibrationGrayscale.uexp" 636
"../../../Engine/Content/EngineMaterials/DefaultCalibrationColor.uasset" 637
"../../../Engine/Content/EngineMaterials/DefaultCalibrationColor.uexp" 638
"../../../Engine/Content/EngineMaterials/PPM_DefaultCalibrationColor.uasset" 639
"../../../Engine/Content/EngineMaterials/PPM_DefaultCalibrationColor.uexp" 640
"../../../Engine/Content/EngineMaterials/PhAT_JointLimitMaterial.uasset" 641
"../../../Engine/Content/EngineMaterials/PhAT_JointLimitMaterial.uexp" 642
"../../../Engine/Content/EngineMaterials/NaniteHiddenSectionMaterial.uasset" 643
"../../../Engine/Content/EngineMaterials/NaniteHiddenSectionMaterial.uexp" 644
"../../../Engine/Content/EngineMaterials/InvalidLightmapSettings.ubulk" 645
"../../../Engine/Content/EngineMaterials/InvalidLightmapSettings.uasset" 646
"../../../Engine/Content/EngineMaterials/InvalidLightmapSettings.uexp" 647
"../../../Engine/Content/EngineMaterials/M_InvalidLightmapSettings.uasset" 648
"../../../Engine/Content/EngineMaterials/M_InvalidLightmapSettings.uexp" 649
"../../../Engine/Content/EngineMaterials/GizmoMaterial.uasset" 650
"../../../Engine/Content/EngineMaterials/GizmoMaterial.uexp" 651
"../../../Engine/Content/EngineMaterials/BaseFlattenEmissiveMap_VT.uasset" 652
"../../../Engine/Content/EngineMaterials/BaseFlattenEmissiveMap_VT.uexp" 653
"../../../Engine/Content/EngineMaterials/BaseFlattenGrayscaleMap_VT.uasset" 654
"../../../Engine/Content/EngineMaterials/BaseFlattenGrayscaleMap_VT.uexp" 655
"../../../Engine/Content/EngineMaterials/BaseFlattenLinearColor_VT.uasset" 656
"../../../Engine/Content/EngineMaterials/BaseFlattenLinearColor_VT.uexp" 657
"../../../Engine/Content/EngineMaterials/Black_1x1_EXR_Texture_VT.uasset" 658
"../../../Engine/Content/EngineMaterials/Black_1x1_EXR_Texture_VT.uexp" 659
"../../../Engine/Content/EngineMaterials/BaseFlattenDiffuseMap_VT.uasset" 660
"../../../Engine/Content/EngineMaterials/BaseFlattenDiffuseMap_VT.uexp" 661
"../../../Engine/Content/EngineMaterials/BaseFlattenNormalMap_VT.uasset" 662
"../../../Engine/Content/EngineMaterials/BaseFlattenNormalMap_VT.uexp" 663
"../../../Engine/Content/EngineMaterials/FlattenMaterial_WS_Normal_VT.uasset" 664
"../../../Engine/Content/EngineMaterials/FlattenMaterial_WS_Normal_VT.uexp" 665
"../../../Engine/Content/EngineMaterials/FlattenMaterial_VT.uasset" 666
"../../../Engine/Content/EngineMaterials/FlattenMaterial_VT.uexp" 667
"../../../Engine/Content/EngineMaterials/BaseFlattenNormalMap.uasset" 668
"../../../Engine/Content/EngineMaterials/BaseFlattenNormalMap.uexp" 669
"../../../Engine/Content/EngineMaterials/BaseFlattenGrayscaleMap.uasset" 670
"../../../Engine/Content/EngineMaterials/BaseFlattenGrayscaleMap.uexp" 671
"../../../Engine/Content/EngineMaterials/BaseFlattenDiffuseMap.uasset" 672
"../../../Engine/Content/EngineMaterials/BaseFlattenDiffuseMap.uexp" 673
"../../../Engine/Content/Functions/Engine_MaterialFunctions02/PivotPainter2/Black_1x1_EXR_Texture.uasset" 674
"../../../Engine/Content/Functions/Engine_MaterialFunctions02/PivotPainter2/Black_1x1_EXR_Texture.uexp" 675
"../../../Engine/Content/EngineMaterials/BaseFlattenEmissiveMap.uasset" 676
"../../../Engine/Content/EngineMaterials/BaseFlattenEmissiveMap.uexp" 677
"../../../Engine/Content/EngineMaterials/BaseFlattenLinearColor.uasset" 678
"../../../Engine/Content/EngineMaterials/BaseFlattenLinearColor.uexp" 679
"../../../Engine/Content/EngineMaterials/FlattenMaterial.uasset" 680
"../../../Engine/Content/EngineMaterials/FlattenMaterial.uexp" 681
"../../../Engine/Content/EngineMaterials/DefaultWhiteGrid_Low.uasset" 682
"../../../Engine/Content/EngineMaterials/DefaultWhiteGrid_Low.uexp" 683
"../../../Engine/Content/EngineMaterials/EmissiveMeshMaterial.uasset" 684
"../../../Engine/Content/EngineMaterials/EmissiveMeshMaterial.uexp" 685
"../../../Engine/Content/EngineMaterials/DefaultTextMaterialOpaque.uasset" 686
"../../../Engine/Content/EngineMaterials/DefaultTextMaterialOpaque.uexp" 687
"../../../Engine/Content/EngineMaterials/DefaultPostProcessMaterial.uasset" 688
"../../../Engine/Content/EngineMaterials/DefaultPostProcessMaterial.uexp" 689
"../../../Engine/Content/EngineMaterials/DefaultPhysicalMaterial.uasset" 690
"../../../Engine/Content/EngineMaterials/DefaultPhysicalMaterial.uexp" 691
"../../../Engine/Content/EngineMaterials/DefaultLightFunctionMaterial.uasset" 692
"../../../Engine/Content/EngineMaterials/DefaultLightFunctionMaterial.uexp" 693
"../../../Engine/Content/EngineMaterials/DefaultDestructiblePhysicalMaterial.uasset" 694
"../../../Engine/Content/EngineMaterials/DefaultDestructiblePhysicalMaterial.uexp" 695
"../../../Engine/Content/EngineMaterials/DefaultDeferredDecalMaterial.uasset" 696
"../../../Engine/Content/EngineMaterials/DefaultDeferredDecalMaterial.uexp" 697
"../../../Engine/Content/EngineMaterials/DefaultBloomKernel.uasset" 698
"../../../Engine/Content/EngineMaterials/DefaultBloomKernel.uexp" 699
"../../../Engine/Content/Functions/Engine_MaterialFunctions02/Utility/CameraDirectionVector.uasset" 700
"../../../Engine/Content/Functions/Engine_MaterialFunctions02/Utility/CameraDirectionVector.uexp" 701
"../../../Engine/Content/EngineDebugMaterials/VolumeToRender.uasset" 702
"../../../Engine/Content/EngineDebugMaterials/VolumeToRender.uexp" 703
"../../../Engine/Content/EngineDebugMaterials/M_VolumeRenderSphereTracePP.uasset" 704
"../../../Engine/Content/EngineDebugMaterials/M_VolumeRenderSphereTracePP.uexp" 705
"../../../Engine/Content/EngineDebugMaterials/M_SimpleUnlitTranslucent.uasset" 706
"../../../Engine/Content/EngineDebugMaterials/M_SimpleUnlitTranslucent.uexp" 707
"../../../Engine/Content/EngineDebugMaterials/DebugMeshMaterial.uasset" 708
"../../../Engine/Content/EngineDebugMaterials/DebugMeshMaterial.uexp" 709
"../../../Engine/Content/EngineDebugMaterials/DebugEditorMaterial.uasset" 710
"../../../Engine/Content/EngineDebugMaterials/DebugEditorMaterial.uexp" 711
"../../../Engine/Content/EngineDamageTypes/DmgTypeBP_Environmental.uasset" 712
"../../../Engine/Content/EngineDamageTypes/DmgTypeBP_Environmental.uexp" 713
"../../../Engine/Content/EditorResources/S_Terrain.ubulk" 714
"../../../Engine/Content/EditorResources/S_Terrain.uasset" 715
"../../../Engine/Content/EditorResources/S_Terrain.uexp" 716
"../../../Engine/Content/EditorResources/EmptyActor.uasset" 717
"../../../Engine/Content/EditorResources/EmptyActor.uexp" 718
"../../../Engine/Content/EditorResources/BSPVertex.uasset" 719
"../../../Engine/Content/EditorResources/BSPVertex.uexp" 720
"../../../Engine/Content/EditorMaterials/PreviewShadowIndicator.ubulk" 721
"../../../Engine/Content/EditorMaterials/PreviewShadowIndicator.uasset" 722
"../../../Engine/Content/EditorMaterials/PreviewShadowIndicator.uexp" 723
"../../../Engine/Content/EditorMaterials/PreviewShadowIndicatorMaterial.uasset" 724
"../../../Engine/Content/EditorMaterials/PreviewShadowIndicatorMaterial.uexp" 725
"../../../Engine/Content/EditorMaterials/PhAT_UnselectedMaterial.uasset" 726
"../../../Engine/Content/EditorMaterials/PhAT_UnselectedMaterial.uexp" 727
"../../../Engine/Content/EditorMaterials/PhAT_NoCollisionMaterial.uasset" 728
"../../../Engine/Content/EditorMaterials/PhAT_NoCollisionMaterial.uexp" 729
"../../../Engine/Content/EditorLandscapeResources/DefaultAlphaTexture.uasset" 730
"../../../Engine/Content/EditorLandscapeResources/DefaultAlphaTexture.uexp" 731
"../../../Engine/Content/EditorLandscapeResources/DataLayer.uasset" 732
"../../../Engine/Content/EditorLandscapeResources/DataLayer.uexp" 733
"../../../Engine/Content/BasicShapes/Cylinder.ubulk" 734
"../../../Engine/Content/BasicShapes/Cylinder.uasset" 735
"../../../Engine/Content/BasicShapes/Cylinder.uexp" 736
"../../../Engine/Content/BasicShapes/Cone.ubulk" 737
"../../../Engine/Content/BasicShapes/Cone.uasset" 738
"../../../Engine/Content/BasicShapes/Cone.uexp" 739
"../../../Engine/Content/Functions/Engine_MaterialFunctions02/Texturing/CustomRotator.uasset" 740
"../../../Engine/Content/Functions/Engine_MaterialFunctions02/Texturing/CustomRotator.uexp" 741
"../../../Engine/Content/Functions/Engine_MaterialFunctions01/Density/ExponentialDensity.uasset" 742
"../../../Engine/Content/Functions/Engine_MaterialFunctions01/Density/ExponentialDensity.uexp" 743
"../../../Engine/Content/Functions/Engine_MaterialFunctions01/Gradient/RadialGradientExponential.uasset" 744
"../../../Engine/Content/Functions/Engine_MaterialFunctions01/Gradient/RadialGradientExponential.uexp" 745
"D:/Unreal Projects/Cubeization/Content/UI/Cursor/CursorMat.uasset" 746
"D:/Unreal Projects/Cubeization/Content/UI/Cursor/CursorMat.uexp" 747
"D:/Unreal Projects/Cubeization/Content/UI/Cursor/Cursor.uasset" 748
"D:/Unreal Projects/Cubeization/Content/UI/Cursor/Cursor.uexp" 749
"../../../Engine/Content/MobileResources/HUD/VirtualJoystick_Background.uasset" 750
"../../../Engine/Content/MobileResources/HUD/VirtualJoystick_Background.uexp" 751
"../../../Engine/Content/MobileResources/HUD/VirtualJoystick_Thumb.uasset" 752
"../../../Engine/Content/MobileResources/HUD/VirtualJoystick_Thumb.uexp" 753
"../../../Engine/Content/MobileResources/HUD/DefaultVirtualJoysticks.uasset" 754
"../../../Engine/Content/MobileResources/HUD/DefaultVirtualJoysticks.uexp" 755
"../../../Engine/Content/EngineSky/VolumetricClouds/CloudWeatherTexture.uasset" 756
"../../../Engine/Content/EngineSky/VolumetricClouds/CloudWeatherTexture.uexp" 757
"../../../Engine/Content/Functions/Engine_MaterialFunctions02/Utility/MakeFloat2.uasset" 758
"../../../Engine/Content/Functions/Engine_MaterialFunctions02/Utility/MakeFloat2.uexp" 759
"../../../Engine/Content/EngineSky/VolumetricClouds/CloudGradientTexture.uasset" 760
"../../../Engine/Content/EngineSky/VolumetricClouds/CloudGradientTexture.uexp" 761
"../../../Engine/Content/EngineSky/VolumetricClouds/T_NoiseShape64.ubulk" 762
"../../../Engine/Content/EngineSky/VolumetricClouds/T_NoiseShape64.uasset" 763
"../../../Engine/Content/EngineSky/VolumetricClouds/T_NoiseShape64.uexp" 764
"../../../Engine/Content/EngineSky/VolumetricClouds/T_VolumeNoiseShape64.uasset" 765
"../../../Engine/Content/EngineSky/VolumetricClouds/T_VolumeNoiseShape64.uexp" 766
"../../../Engine/Content/EngineSky/VolumetricClouds/T_NoiseErosion.ubulk" 767
"../../../Engine/Content/EngineSky/VolumetricClouds/T_NoiseErosion.uasset" 768
"../../../Engine/Content/EngineSky/VolumetricClouds/T_NoiseErosion.uexp" 769
"../../../Engine/Content/EngineSky/VolumetricClouds/T_VolumeNoiseErosion32.uasset" 770
"../../../Engine/Content/EngineSky/VolumetricClouds/T_VolumeNoiseErosion32.uexp" 771
"../../../Engine/Content/EngineSky/VolumetricClouds/m_SimpleVolumetricCloud.uasset" 772
"../../../Engine/Content/EngineSky/VolumetricClouds/m_SimpleVolumetricCloud.uexp" 773
"../../../Engine/Content/EngineSky/VolumetricClouds/m_SimpleVolumetricCloud_Inst.uasset" 774
"../../../Engine/Content/EngineSky/VolumetricClouds/m_SimpleVolumetricCloud_Inst.uexp" 775
"../../../Engine/Content/EngineResources/FilmGrains/Marcie_Grain_v3_128_M2_000.uasset" 776
"../../../Engine/Content/EngineResources/FilmGrains/Marcie_Grain_v3_128_M2_000.uexp" 777
"../../../Engine/Content/EditorResources/SequenceRecorder/RecordingIndicator.uasset" 778
"../../../Engine/Content/EditorResources/SequenceRecorder/RecordingIndicator.uexp" 779
"../../../Engine/Content/EditorResources/SequenceRecorder/Countdown.uasset" 780
"../../../Engine/Content/EditorResources/SequenceRecorder/Countdown.uexp" 781
"../../../Engine/Content/Functions/Engine_MaterialFunctions01/Shading/PowerToRoughness.uasset" 782
"../../../Engine/Content/Functions/Engine_MaterialFunctions01/Shading/PowerToRoughness.uexp" 783
"../../../Engine/Content/Functions/Engine_MaterialFunctions01/Shading/ConvertFromDiffSpec.uasset" 784
"../../../Engine/Content/Functions/Engine_MaterialFunctions01/Shading/ConvertFromDiffSpec.uexp" 785
"../../../Engine/Content/Maps/Entry_BuiltData.uasset" 786
"../../../Engine/Content/Maps/Entry_BuiltData.uexp" 787
"../../../Engine/Content/Maps/Entry.uexp" 788
"../../../Engine/Content/Maps/Entry.umap" 789
"D:/Unreal Projects/Cubeization/Content/MASS/TerrainEntitySpawn.uasset" 790
"D:/Unreal Projects/Cubeization/Content/MASS/TerrainEntitySpawn.uexp" 791
"D:/Unreal Projects/Cubeization/Content/MASS/NewEnvQuery.uasset" 792
"D:/Unreal Projects/Cubeization/Content/MASS/NewEnvQuery.uexp" 793
"../../../Engine/Content/EditorResources/FieldNodes/_Resources/EFieldSleepType.uasset" 794
"../../../Engine/Content/EditorResources/FieldNodes/_Resources/EFieldSleepType.uexp" 795
"../../../Engine/Content/EditorResources/FieldNodes/FS_SleepDisable_Generic.uasset" 796
"../../../Engine/Content/EditorResources/FieldNodes/FS_SleepDisable_Generic.uexp" 797
"../../../Engine/Content/Functions/Engine_MaterialFunctions02/Utility/VectorToRadialValue.uasset" 798
"../../../Engine/Content/Functions/Engine_MaterialFunctions02/Utility/VectorToRadialValue.uexp" 799
"D:/Unreal Projects/Cubeization/Content/UI/RingMat.uasset" 800
"D:/Unreal Projects/Cubeization/Content/UI/RingMat.uexp" 801
"D:/Unreal Projects/Cubeization/Content/UI/RingMat_Inst.uasset" 802
"D:/Unreal Projects/Cubeization/Content/UI/RingMat_Inst.uexp" 803
"D:/Unreal Projects/Cubeization/Content/UI/MenuOption.uasset" 804
"D:/Unreal Projects/Cubeization/Content/UI/MenuOption.uexp" 805
"D:/Unreal Projects/Cubeization/Content/UI/MainMenu/MainMenuExit.uasset" 806
"D:/Unreal Projects/Cubeization/Content/UI/MainMenu/MainMenuExit.uexp" 807
"D:/Unreal Projects/Cubeization/Content/UI/OptionActor.uasset" 808
"D:/Unreal Projects/Cubeization/Content/UI/OptionActor.uexp" 809
"D:/Unreal Projects/Cubeization/Content/UI/MainMenu/OptionActorExit.uasset" 810
"D:/Unreal Projects/Cubeization/Content/UI/MainMenu/OptionActorExit.uexp" 811
"D:/Unreal Projects/Cubeization/Content/UI/MainMenu/MainMenuStart.uasset" 812
"D:/Unreal Projects/Cubeization/Content/UI/MainMenu/MainMenuStart.uexp" 813
"D:/Unreal Projects/Cubeization/Content/UI/MainMenu/OptionActorStart.uasset" 814
"D:/Unreal Projects/Cubeization/Content/UI/MainMenu/OptionActorStart.uexp" 815
"D:/Unreal Projects/Cubeization/Content/UI/MainMenu/MainMenuAbout.uasset" 816
"D:/Unreal Projects/Cubeization/Content/UI/MainMenu/MainMenuAbout.uexp" 817
"D:/Unreal Projects/Cubeization/Content/UI/MainMenu/OptionActorAbout.uasset" 818
"D:/Unreal Projects/Cubeization/Content/UI/MainMenu/OptionActorAbout.uexp" 819
"D:/Unreal Projects/Cubeization/Content/UI/Page/MainPage.uasset" 820
"D:/Unreal Projects/Cubeization/Content/UI/Page/MainPage.uexp" 821
"D:/Unreal Projects/Cubeization/Content/UI/BP_PageManager.uasset" 822
"D:/Unreal Projects/Cubeization/Content/UI/BP_PageManager.uexp" 823
"D:/Unreal Projects/Cubeization/Content/Test/FieldSettingActor.uasset" 824
"D:/Unreal Projects/Cubeization/Content/Test/FieldSettingActor.uexp" 825
"D:/Unreal Projects/Cubeization/Content/Maps/NewWorld.uexp" 826
"D:/Unreal Projects/Cubeization/Content/Maps/NewWorld.umap" 827
